#
# There is insufficient memory for the Java Runtime Environment to continue.
# Native memory allocation (malloc) failed to allocate 32744 bytes for ChunkPool::allocate
# Possible reasons:
#   The system is out of physical RAM or swap space
#   In 32 bit mode, the process size limit was hit
# Possible solutions:
#   Reduce memory load on the system
#   Increase physical memory or swap space
#   Check if swap backing store is full
#   Use 64 bit Java on a 64 bit OS
#   Decrease Java heap size (-Xmx/-Xms)
#   Decrease number of Java threads
#   Decrease Java thread stack sizes (-Xss)
#   Set larger code cache with -XX:ReservedCodeCacheSize=
# This output file may be truncated or incomplete.
#
#  Out of Memory Error (allocation.cpp:273), pid=4744, tid=0x0000000000003804
#
# JRE version: Java(TM) SE Runtime Environment (8.0_172-b11) (build 1.8.0_172-b11)
# Java VM: Java HotSpot(TM) 64-Bit Server VM (25.172-b11 mixed mode windows-amd64 compressed oops)
# Failed to write core dump. Minidumps are not enabled by default on client versions of Windows
#

---------------  T H R E A D  ---------------

Current thread (0x000000001a419000):  JavaThread "main" [_thread_in_vm, id=14340, stack(0x000000001d780000,0x000000001d880000)]

Stack: [0x000000001d780000,0x000000001d880000]
[error occurred during error reporting (printing stack bounds), id 0xc0000005]

Native frames: (J=compiled Java code, j=interpreted, Vv=VM code, C=native code)

Java frames: (J=compiled Java code, j=interpreted, Vv=VM code)
J 1042  java.lang.Class.getDeclaredMethods0(Z)[Ljava/lang/reflect/Method; (0 bytes) @ 0x00000000030192bb [0x0000000003019280+0x3b]
J 675 C1 java.lang.Class.privateGetDeclaredMethods(Z)[Ljava/lang/reflect/Method; (67 bytes) @ 0x0000000002f1295c [0x0000000002f12640+0x31c]
j  java.lang.Class.getDeclaredMethod(Ljava/lang/String;[Ljava/lang/Class;)Ljava/lang/reflect/Method;+11
j  org.springframework.core.annotation.AnnotatedElementUtils.searchWithFindSemantics(Ljava/lang/reflect/AnnotatedElement;Ljava/lang/Class;Ljava/lang/String;Ljava/lang/Class;Lorg/springframework/core/annotation/AnnotatedElementUtils$Processor;Ljava/util/Set;I)Ljava/lang/Object;+519
j  org.springframework.core.annotation.AnnotatedElementUtils.searchWithFindSemantics(Ljava/lang/reflect/AnnotatedElement;Ljava/lang/Class;Ljava/lang/String;Ljava/lang/Class;Lorg/springframework/core/annotation/AnnotatedElementUtils$Processor;)Ljava/lang/Object;+38
j  org.springframework.core.annotation.AnnotatedElementUtils.searchWithFindSemantics(Ljava/lang/reflect/AnnotatedElement;Ljava/lang/Class;Ljava/lang/String;Lorg/springframework/core/annotation/AnnotatedElementUtils$Processor;)Ljava/lang/Object;+5
j  org.springframework.core.annotation.AnnotatedElementUtils.findMergedAnnotationAttributes(Ljava/lang/reflect/AnnotatedElement;Ljava/lang/Class;ZZ)Lorg/springframework/core/annotation/AnnotationAttributes;+12
j  org.springframework.core.annotation.AnnotatedElementUtils.findMergedAnnotation(Ljava/lang/reflect/AnnotatedElement;Ljava/lang/Class;)Ljava/lang/annotation/Annotation;+35
j  org.springframework.context.event.EventListenerMethodProcessor$1.inspect(Ljava/lang/reflect/Method;)Lorg/springframework/context/event/EventListener;+3
j  org.springframework.context.event.EventListenerMethodProcessor$1.inspect(Ljava/lang/reflect/Method;)Ljava/lang/Object;+2
j  org.springframework.core.MethodIntrospector$1.doWith(Ljava/lang/reflect/Method;)V+14
j  org.springframework.util.ReflectionUtils.doWithMethods(Ljava/lang/Class;Lorg/springframework/util/ReflectionUtils$MethodCallback;Lorg/springframework/util/ReflectionUtils$MethodFilter;)V+51
j  org.springframework.core.MethodIntrospector.selectMethods(Ljava/lang/Class;Lorg/springframework/core/MethodIntrospector$MetadataLookup;)Ljava/util/Map;+111
j  org.springframework.context.event.EventListenerMethodProcessor.processBean(Ljava/util/List;Ljava/lang/String;Ljava/lang/Class;)V+25
j  org.springframework.context.event.EventListenerMethodProcessor.afterSingletonsInstantiated()V+212
j  org.springframework.beans.factory.support.DefaultListableBeanFactory.preInstantiateSingletons()V+315
j  org.springframework.context.support.AbstractApplicationContext.finishBeanFactoryInitialization(Lorg/springframework/beans/factory/config/ConfigurableListableBeanFactory;)V+126
j  org.springframework.context.support.AbstractApplicationContext.refresh()V+54
j  org.springframework.boot.SpringApplication.refresh(Lorg/springframework/context/ApplicationContext;)V+10
j  org.springframework.boot.SpringApplication.refreshContext(Lorg/springframework/context/ConfigurableApplicationContext;)V+2
j  org.springframework.boot.SpringApplication.run([Ljava/lang/String;)Lorg/springframework/context/ConfigurableApplicationContext;+91
j  org.springframework.boot.builder.SpringApplicationBuilder.run([Ljava/lang/String;)Lorg/springframework/context/ConfigurableApplicationContext;+45
j  org.springframework.cloud.bootstrap.BootstrapApplicationListener.bootstrapServiceContext(Lorg/springframework/core/env/ConfigurableEnvironment;Lorg/springframework/boot/SpringApplication;)Lorg/springframework/context/ConfigurableApplicationContext;+433
j  org.springframework.cloud.bootstrap.BootstrapApplicationListener.onApplicationEvent(Lorg/springframework/boot/context/event/ApplicationEnvironmentPreparedEvent;)V+50
j  org.springframework.cloud.bootstrap.BootstrapApplicationListener.onApplicationEvent(Lorg/springframework/context/ApplicationEvent;)V+5
j  org.springframework.context.event.SimpleApplicationEventMulticaster.invokeListener(Lorg/springframework/context/ApplicationListener;Lorg/springframework/context/ApplicationEvent;)V+34
j  org.springframework.context.event.SimpleApplicationEventMulticaster.multicastEvent(Lorg/springframework/context/ApplicationEvent;Lorg/springframework/core/ResolvableType;)V+85
j  org.springframework.context.event.SimpleApplicationEventMulticaster.multicastEvent(Lorg/springframework/context/ApplicationEvent;)V+7
j  org.springframework.boot.context.event.EventPublishingRunListener.environmentPrepared(Lorg/springframework/core/env/ConfigurableEnvironment;)V+20
j  org.springframework.boot.SpringApplicationRunListeners.environmentPrepared(Lorg/springframework/core/env/ConfigurableEnvironment;)V+31
j  org.springframework.boot.SpringApplication.prepareEnvironment(Lorg/springframework/boot/SpringApplicationRunListeners;Lorg/springframework/boot/ApplicationArguments;)Lorg/springframework/core/env/ConfigurableEnvironment;+18
j  org.springframework.boot.SpringApplication.run([Ljava/lang/String;)Lorg/springframework/context/ConfigurableApplicationContext;+48
j  org.springframework.boot.SpringApplication.run([Ljava/lang/Object;[Ljava/lang/String;)Lorg/springframework/context/ConfigurableApplicationContext;+9
j  org.springframework.boot.SpringApplication.run(Ljava/lang/Object;[Ljava/lang/String;)Lorg/springframework/context/ConfigurableApplicationContext;+9
j  com.swati.organization.OrganizaionApplication.main([Ljava/lang/String;)V+3
v  ~StubRoutines::call_stub
J 2676  sun.reflect.NativeMethodAccessorImpl.invoke0(Ljava/lang/reflect/Method;Ljava/lang/Object;[Ljava/lang/Object;)Ljava/lang/Object; (0 bytes) @ 0x00000000035102bf [0x0000000003510240+0x7f]
J 2675 C1 sun.reflect.NativeMethodAccessorImpl.invoke(Ljava/lang/Object;[Ljava/lang/Object;)Ljava/lang/Object; (104 bytes) @ 0x00000000035202a4 [0x000000000351f100+0x11a4]
J 1792 C1 sun.reflect.DelegatingMethodAccessorImpl.invoke(Ljava/lang/Object;[Ljava/lang/Object;)Ljava/lang/Object; (10 bytes) @ 0x00000000032058c4 [0x00000000032057c0+0x104]
J 1830 C1 java.lang.reflect.Method.invoke(Ljava/lang/Object;[Ljava/lang/Object;)Ljava/lang/Object; (62 bytes) @ 0x0000000003233aec [0x0000000003233700+0x3ec]
j  org.springframework.boot.maven.AbstractRunMojo$LaunchRunner.run()V+63
j  java.lang.Thread.run()V+11
v  ~StubRoutines::call_stub

---------------  P R O C E S S  ---------------

Java Threads: ( => current thread )
=>0x000000001a419000 JavaThread "main" [_thread_in_vm, id=14340, stack(0x000000001d780000,0x000000001d880000)]
  0x000000001778e800 JavaThread "Service Thread" daemon [_thread_blocked, id=13936, stack(0x0000000019380000,0x0000000019480000)]
  0x0000000017781000 JavaThread "C1 CompilerThread2" daemon [_thread_blocked, id=14828, stack(0x0000000018e80000,0x0000000018f80000)]
  0x0000000017735800 JavaThread "C2 CompilerThread1" daemon [_thread_in_native, id=636, stack(0x0000000018d80000,0x0000000018e80000)]
  0x0000000017731800 JavaThread "C2 CompilerThread0" daemon [_thread_in_native, id=4504, stack(0x0000000018c80000,0x0000000018d80000)]
  0x0000000017730800 JavaThread "Attach Listener" daemon [_thread_blocked, id=4928, stack(0x0000000018b80000,0x0000000018c80000)]
  0x000000001772f000 JavaThread "Signal Dispatcher" daemon [_thread_blocked, id=13496, stack(0x0000000018a80000,0x0000000018b80000)]
  0x000000001771a800 JavaThread "Finalizer" daemon [_thread_blocked, id=15748, stack(0x0000000018980000,0x0000000018a80000)]
  0x0000000002b04000 JavaThread "Reference Handler" daemon [_thread_blocked, id=8384, stack(0x0000000018880000,0x0000000018980000)]
  0x000000000264e000 JavaThread "main" [_thread_blocked, id=13680, stack(0x0000000002530000,0x0000000002630000)]

Other Threads:
  0x00000000176f9000 VMThread [stack: 0x0000000018780000,0x0000000018880000] [id=116]
  0x0000000018fac000 WatcherThread [stack: 0x0000000019480000,0x0000000019580000] [id=3496]

VM state:not at safepoint (normal execution)

VM Mutex/Monitor currently owned by a thread: None

Heap:
 PSYoungGen      total 71680K, used 13583K [0x00000000d5f80000, 0x00000000daa80000, 0x0000000100000000)
  eden space 66560K, 12% used [0x00000000d5f80000,0x00000000d67c8860,0x00000000da080000)
  from space 5120K, 99% used [0x00000000da580000,0x00000000daa7b4d0,0x00000000daa80000)
  to   space 5120K, 0% used [0x00000000da080000,0x00000000da080000,0x00000000da580000)
 ParOldGen       total 84480K, used 36784K [0x0000000081e00000, 0x0000000087080000, 0x00000000d5f80000)
  object space 84480K, 43% used [0x0000000081e00000,0x00000000841ec3d0,0x0000000087080000)
 Metaspace       used 34315K, capacity 34972K, committed 35200K, reserved 1079296K
  class space    used 4213K, capacity 4405K, committed 4480K, reserved 1048576K

Card table byte_map: [0x0000000011fd0000,0x00000000123d0000] byte_map_base: 0x0000000011bc1000

Marking Bits: (ParMarkBitMap*) 0x00000000610c3c10
 Begin Bits: [0x0000000012a80000, 0x0000000014a08000)
 End Bits:   [0x0000000014a08000, 0x0000000016990000)

Polling page: 0x00000000023b0000

CodeCache: size=245760Kb used=14227Kb max_used=14227Kb free=231532Kb
 bounds [0x0000000002c10000, 0x0000000003a10000, 0x0000000011c10000]
 total_blobs=4503 nmethods=4078 adapters=337
 compilation: enabled

Compilation events (10 events):
Event: 16.510 Thread 0x0000000017781000 nmethod 4790 0x0000000003441010 code [0x0000000003441180, 0x00000000034415c8]
Event: 16.510 Thread 0x0000000017781000 4791       3       org.springframework.util.ConcurrentReferenceHashMap$Segment$1::add (55 bytes)
Event: 16.510 Thread 0x0000000017781000 nmethod 4791 0x0000000003440650 code [0x0000000003440800, 0x0000000003440d08]
Event: 16.510 Thread 0x0000000017781000 4793       1       org.springframework.core.annotation.AnnotatedElementUtils$MergedAnnotationAttributesProcessor::aggregates (5 bytes)
Event: 16.510 Thread 0x0000000017781000 nmethod 4793 0x0000000003440390 code [0x00000000034404e0, 0x00000000034405f0]
Event: 16.510 Thread 0x0000000017781000 4794   !   3       org.springframework.core.annotation.AnnotationUtils::isInterfaceWithAnnotatedMethods (99 bytes)
Event: 16.512 Thread 0x0000000017781000 nmethod 4794 0x000000000343ebd0 code [0x000000000343ee40, 0x000000000343fb78]
Event: 16.512 Thread 0x0000000017781000 4792       3       org.springframework.util.ConcurrentReferenceHashMap$Entry::<init> (15 bytes)
Event: 16.512 Thread 0x0000000017781000 nmethod 4792 0x000000000343e7d0 code [0x000000000343e920, 0x000000000343eb10]
Event: 16.514 Thread 0x0000000017781000 4795   !   3       org.springframework.core.annotation.AnnotatedElementUtils::searchWithFindSemantics (720 bytes)

GC Heap History (10 events):
Event: 12.191 GC heap before
{Heap before GC invocations=7 (full 0):
 PSYoungGen      total 71680K, used 71648K [0x00000000d5f80000, 0x00000000daa80000, 0x0000000100000000)
  eden space 66560K, 100% used [0x00000000d5f80000,0x00000000da080000,0x00000000da080000)
  from space 5120K, 99% used [0x00000000da580000,0x00000000daa78020,0x00000000daa80000)
  to   space 5120K, 0% used [0x00000000da080000,0x00000000da080000,0x00000000da580000)
 ParOldGen       total 87552K, used 21073K [0x0000000081e00000, 0x0000000087380000, 0x00000000d5f80000)
  object space 87552K, 24% used [0x0000000081e00000,0x00000000832947b8,0x0000000087380000)
 Metaspace       used 19796K, capacity 20366K, committed 20480K, reserved 1067008K
  class space    used 2350K, capacity 2503K, committed 2560K, reserved 1048576K
Event: 12.229 GC heap after
Heap after GC invocations=7 (full 0):
 PSYoungGen      total 71680K, used 5120K [0x00000000d5f80000, 0x00000000daa80000, 0x0000000100000000)
  eden space 66560K, 0% used [0x00000000d5f80000,0x00000000d5f80000,0x00000000da080000)
  from space 5120K, 100% used [0x00000000da080000,0x00000000da580000,0x00000000da580000)
  to   space 5120K, 0% used [0x00000000da580000,0x00000000da580000,0x00000000daa80000)
 ParOldGen       total 87552K, used 27233K [0x0000000081e00000, 0x0000000087380000, 0x00000000d5f80000)
  object space 87552K, 31% used [0x0000000081e00000,0x0000000083898508,0x0000000087380000)
 Metaspace       used 19796K, capacity 20366K, committed 20480K, reserved 1067008K
  class space    used 2350K, capacity 2503K, committed 2560K, reserved 1048576K
}
Event: 12.553 GC heap before
{Heap before GC invocations=8 (full 0):
 PSYoungGen      total 71680K, used 17288K [0x00000000d5f80000, 0x00000000daa80000, 0x0000000100000000)
  eden space 66560K, 18% used [0x00000000d5f80000,0x00000000d6b62238,0x00000000da080000)
  from space 5120K, 100% used [0x00000000da080000,0x00000000da580000,0x00000000da580000)
  to   space 5120K, 0% used [0x00000000da580000,0x00000000da580000,0x00000000daa80000)
 ParOldGen       total 87552K, used 27233K [0x0000000081e00000, 0x0000000087380000, 0x00000000d5f80000)
  object space 87552K, 31% used [0x0000000081e00000,0x0000000083898508,0x0000000087380000)
 Metaspace       used 20556K, capacity 21140K, committed 21296K, reserved 1069056K
  class space    used 2459K, capacity 2632K, committed 2688K, reserved 1048576K
Event: 12.571 GC heap after
Heap after GC invocations=8 (full 0):
 PSYoungGen      total 71680K, used 3808K [0x00000000d5f80000, 0x00000000daa80000, 0x0000000100000000)
  eden space 66560K, 0% used [0x00000000d5f80000,0x00000000d5f80000,0x00000000da080000)
  from space 5120K, 74% used [0x00000000da580000,0x00000000da938000,0x00000000daa80000)
  to   space 5120K, 0% used [0x00000000da080000,0x00000000da080000,0x00000000da580000)
 ParOldGen       total 87552K, used 29605K [0x0000000081e00000, 0x0000000087380000, 0x00000000d5f80000)
  object space 87552K, 33% used [0x0000000081e00000,0x0000000083ae9538,0x0000000087380000)
 Metaspace       used 20556K, capacity 21140K, committed 21296K, reserved 1069056K
  class space    used 2459K, capacity 2632K, committed 2688K, reserved 1048576K
}
Event: 12.571 GC heap before
{Heap before GC invocations=9 (full 1):
 PSYoungGen      total 71680K, used 3808K [0x00000000d5f80000, 0x00000000daa80000, 0x0000000100000000)
  eden space 66560K, 0% used [0x00000000d5f80000,0x00000000d5f80000,0x00000000da080000)
  from space 5120K, 74% used [0x00000000da580000,0x00000000da938000,0x00000000daa80000)
  to   space 5120K, 0% used [0x00000000da080000,0x00000000da080000,0x00000000da580000)
 ParOldGen       total 87552K, used 29605K [0x0000000081e00000, 0x0000000087380000, 0x00000000d5f80000)
  object space 87552K, 33% used [0x0000000081e00000,0x0000000083ae9538,0x0000000087380000)
 Metaspace       used 20556K, capacity 21140K, committed 21296K, reserved 1069056K
  class space    used 2459K, capacity 2632K, committed 2688K, reserved 1048576K
Event: 12.841 GC heap after
Heap after GC invocations=9 (full 1):
 PSYoungGen      total 71680K, used 0K [0x00000000d5f80000, 0x00000000daa80000, 0x0000000100000000)
  eden space 66560K, 0% used [0x00000000d5f80000,0x00000000d5f80000,0x00000000da080000)
  from space 5120K, 0% used [0x00000000da580000,0x00000000da580000,0x00000000daa80000)
  to   space 5120K, 0% used [0x00000000da080000,0x00000000da080000,0x00000000da580000)
 ParOldGen       total 84480K, used 26342K [0x0000000081e00000, 0x0000000087080000, 0x00000000d5f80000)
  object space 84480K, 31% used [0x0000000081e00000,0x00000000837b9888,0x0000000087080000)
 Metaspace       used 20556K, capacity 21140K, committed 21296K, reserved 1069056K
  class space    used 2459K, capacity 2632K, committed 2688K, reserved 1048576K
}
Event: 15.226 GC heap before
{Heap before GC invocations=10 (full 1):
 PSYoungGen      total 71680K, used 66560K [0x00000000d5f80000, 0x00000000daa80000, 0x0000000100000000)
  eden space 66560K, 100% used [0x00000000d5f80000,0x00000000da080000,0x00000000da080000)
  from space 5120K, 0% used [0x00000000da580000,0x00000000da580000,0x00000000daa80000)
  to   space 5120K, 0% used [0x00000000da080000,0x00000000da080000,0x00000000da580000)
 ParOldGen       total 84480K, used 26342K [0x0000000081e00000, 0x0000000087080000, 0x00000000d5f80000)
  object space 84480K, 31% used [0x0000000081e00000,0x00000000837b9888,0x0000000087080000)
 Metaspace       used 28318K, capacity 28858K, committed 29056K, reserved 1075200K
  class space    used 3456K, capacity 3625K, committed 3712K, reserved 1048576K
Event: 15.235 GC heap after
Heap after GC invocations=10 (full 1):
 PSYoungGen      total 71680K, used 5119K [0x00000000d5f80000, 0x00000000daa80000, 0x0000000100000000)
  eden space 66560K, 0% used [0x00000000d5f80000,0x00000000d5f80000,0x00000000da080000)
  from space 5120K, 99% used [0x00000000da080000,0x00000000da57fe40,0x00000000da580000)
  to   space 5120K, 0% used [0x00000000da580000,0x00000000da580000,0x00000000daa80000)
 ParOldGen       total 84480K, used 31768K [0x0000000081e00000, 0x0000000087080000, 0x00000000d5f80000)
  object space 84480K, 37% used [0x0000000081e00000,0x0000000083d063a8,0x0000000087080000)
 Metaspace       used 28318K, capacity 28858K, committed 29056K, reserved 1075200K
  class space    used 3456K, capacity 3625K, committed 3712K, reserved 1048576K
}
Event: 16.353 GC heap before
{Heap before GC invocations=11 (full 1):
 PSYoungGen      total 71680K, used 71679K [0x00000000d5f80000, 0x00000000daa80000, 0x0000000100000000)
  eden space 66560K, 100% used [0x00000000d5f80000,0x00000000da080000,0x00000000da080000)
  from space 5120K, 99% used [0x00000000da080000,0x00000000da57fe40,0x00000000da580000)
  to   space 5120K, 0% used [0x00000000da580000,0x00000000da580000,0x00000000daa80000)
 ParOldGen       total 84480K, used 31768K [0x0000000081e00000, 0x0000000087080000, 0x00000000d5f80000)
  object space 84480K, 37% used [0x0000000081e00000,0x0000000083d063a8,0x0000000087080000)
 Metaspace       used 33971K, capacity 34684K, committed 34944K, reserved 1079296K
  class space    used 4166K, capacity 4373K, committed 4480K, reserved 1048576K
Event: 16.376 GC heap after
Heap after GC invocations=11 (full 1):
 PSYoungGen      total 71680K, used 5101K [0x00000000d5f80000, 0x00000000daa80000, 0x0000000100000000)
  eden space 66560K, 0% used [0x00000000d5f80000,0x00000000d5f80000,0x00000000da080000)
  from space 5120K, 99% used [0x00000000da580000,0x00000000daa7b4d0,0x00000000daa80000)
  to   space 5120K, 0% used [0x00000000da080000,0x00000000da080000,0x00000000da580000)
 ParOldGen       total 84480K, used 36784K [0x0000000081e00000, 0x0000000087080000, 0x00000000d5f80000)
  object space 84480K, 43% used [0x0000000081e00000,0x00000000841ec3d0,0x0000000087080000)
 Metaspace       used 33971K, capacity 34684K, committed 34944K, reserved 1079296K
  class space    used 4166K, capacity 4373K, committed 4480K, reserved 1048576K
}

Deoptimization events (10 events):
Event: 15.733 Thread 0x000000001a419000 Uncommon trap: reason=unstable_if action=reinterpret pc=0x0000000003149ccc method=java.util.concurrent.ConcurrentHashMap.putVal(Ljava/lang/Object;Ljava/lang/Object;Z)Ljava/lang/Object; @ 113
Event: 15.745 Thread 0x000000001a419000 Uncommon trap: reason=unstable_if action=reinterpret pc=0x00000000036e8e64 method=java.util.WeakHashMap.remove(Ljava/lang/Object;)Ljava/lang/Object; @ 94
Event: 15.827 Thread 0x000000001a419000 Uncommon trap: reason=array_check action=maybe_recompile pc=0x00000000034252ac method=java.util.AbstractCollection.toArray([Ljava/lang/Object;)[Ljava/lang/Object; @ 119
Event: 15.827 Thread 0x000000001a419000 Uncommon trap: reason=array_check action=maybe_recompile pc=0x00000000034252ac method=java.util.AbstractCollection.toArray([Ljava/lang/Object;)[Ljava/lang/Object; @ 119
Event: 15.829 Thread 0x000000001a419000 Uncommon trap: reason=array_check action=maybe_recompile pc=0x00000000034252ac method=java.util.AbstractCollection.toArray([Ljava/lang/Object;)[Ljava/lang/Object; @ 119
Event: 15.830 Thread 0x000000001a419000 Uncommon trap: reason=array_check action=maybe_recompile pc=0x00000000034252ac method=java.util.AbstractCollection.toArray([Ljava/lang/Object;)[Ljava/lang/Object; @ 119
Event: 15.853 Thread 0x000000001a419000 Uncommon trap: reason=unstable_if action=reinterpret pc=0x000000000385f488 method=java.lang.ThreadLocal$ThreadLocalMap.getEntry(Ljava/lang/ThreadLocal;)Ljava/lang/ThreadLocal$ThreadLocalMap$Entry; @ 29
Event: 15.993 Thread 0x000000001a419000 Uncommon trap: reason=unstable_if action=reinterpret pc=0x000000000384b29c method=java.lang.ThreadLocal$ThreadLocalMap.getEntry(Ljava/lang/ThreadLocal;)Ljava/lang/ThreadLocal$ThreadLocalMap$Entry; @ 29
Event: 16.013 Thread 0x000000001c8e8800 Uncommon trap: reason=unstable_if action=reinterpret pc=0x00000000036e3378 method=java.util.ArrayList.toArray([Ljava/lang/Object;)[Ljava/lang/Object; @ 48
Event: 16.287 Thread 0x000000001a419000 Uncommon trap: reason=unstable_if action=reinterpret pc=0x0000000003182414 method=java.lang.reflect.Method.equals(Ljava/lang/Object;)Z @ 1

Classes redefined (0 events):
No events

Internal exceptions (10 events):
Event: 16.461 Thread 0x000000001a419000 Exception <a 'java/lang/ClassNotFoundException': java/lang/ObjectCustomizer> (0x00000000d6436e10) thrown at [C:\re\workspace\8-2-build-windows-amd64-cygwin\jdk8u172\10810\hotspot\src\share\vm\classfile\systemDictionary.cpp, line 210]
Event: 16.463 Thread 0x000000001a419000 Exception <a 'java/lang/ClassNotFoundException': org/springframework/cloud/bootstrap/config/PropertySourceBootstrapPropertiesCustomizer> (0x00000000d6461440) thrown at [C:\re\workspace\8-2-build-windows-amd64-cygwin\jdk8u172\10810\hotspot\src\share\vm\cla
Event: 16.480 Thread 0x000000001a419000 Exception <a 'java/lang/ClassNotFoundException': java/lang/ObjectCustomizer> (0x00000000d653fc48) thrown at [C:\re\workspace\8-2-build-windows-amd64-cygwin\jdk8u172\10810\hotspot\src\share\vm\classfile\systemDictionary.cpp, line 210]
Event: 16.482 Thread 0x000000001a419000 Exception <a 'java/lang/ClassNotFoundException': org/springframework/cloud/bootstrap/encrypt/EnvironmentDecryptApplicationInitializerCustomizer> (0x00000000d656ce88) thrown at [C:\re\workspace\8-2-build-windows-amd64-cygwin\jdk8u172\10810\hotspot\src\shar
Event: 16.485 Thread 0x000000001a419000 Exception <a 'java/lang/ClassNotFoundException': org/springframework/context/ApplicationContextInitializerCustomizer> (0x00000000d6597d30) thrown at [C:\re\workspace\8-2-build-windows-amd64-cygwin\jdk8u172\10810\hotspot\src\share\vm\classfile\systemDictio
Event: 16.486 Thread 0x000000001a419000 Exception <a 'java/lang/ClassNotFoundException': org/springframework/core/OrderedCustomizer> (0x00000000d65afc18) thrown at [C:\re\workspace\8-2-build-windows-amd64-cygwin\jdk8u172\10810\hotspot\src\share\vm\classfile\systemDictionary.cpp, line 210]
Event: 16.495 Thread 0x000000001a419000 Exception <a 'java/lang/ClassNotFoundException': java/lang/ObjectCustomizer> (0x00000000d6624128) thrown at [C:\re\workspace\8-2-build-windows-amd64-cygwin\jdk8u172\10810\hotspot\src\share\vm\classfile\systemDictionary.cpp, line 210]
Event: 16.496 Thread 0x000000001a419000 Exception <a 'java/lang/ClassNotFoundException': org/springframework/cloud/context/properties/ConfigurationPropertiesRebinderCustomizer> (0x00000000d664e828) thrown at [C:\re\workspace\8-2-build-windows-amd64-cygwin\jdk8u172\10810\hotspot\src\share\vm\cla
Event: 16.498 Thread 0x000000001a419000 Exception <a 'java/lang/ClassNotFoundException': org/springframework/context/ApplicationContextAwareCustomizer> (0x00000000d667b1c0) thrown at [C:\re\workspace\8-2-build-windows-amd64-cygwin\jdk8u172\10810\hotspot\src\share\vm\classfile\systemDictionary.c
Event: 16.499 Thread 0x000000001a419000 Exception <a 'java/lang/ClassNotFoundException': org/springframework/context/ApplicationListenerCustomizer> (0x00000000d6699268) thrown at [C:\re\workspace\8-2-build-windows-amd64-cygwin\jdk8u172\10810\hotspot\src\share\vm\classfile\systemDictionary.cpp, 

Events (10 events):
Event: 16.507 loading class org/springframework/context/event/EventListener
Event: 16.507 loading class org/springframework/context/event/EventListener done
Event: 16.511 loading class java/io/ObjectInputStream
Event: 16.512 loading class java/io/ObjectInput
Event: 16.513 loading class java/io/ObjectInput done
Event: 16.513 loading class java/io/ObjectStreamConstants
Event: 16.513 loading class java/io/ObjectStreamConstants done
Event: 16.513 loading class java/io/ObjectInputStream done
Event: 16.513 Executing VM operation: Deoptimize
Event: 16.513 Executing VM operation: Deoptimize done


Dynamic libraries:
0x00007ff616570000 - 0x00007ff6165a7000 	C:\Program Files\Java\jdk1.8.0_172\bin\java.exe
0x00007ffef94b0000 - 0x00007ffef968b000 	C:\Windows\SYSTEM32\ntdll.dll
0x00007ffef8620000 - 0x00007ffef86ce000 	C:\Windows\System32\KERNEL32.DLL
0x00007ffef5a90000 - 0x00007ffef5cda000 	C:\Windows\System32\KERNELBASE.dll
0x00007ffef7eb0000 - 0x00007ffef7f51000 	C:\Windows\System32\ADVAPI32.dll
0x00007ffef9210000 - 0x00007ffef92ad000 	C:\Windows\System32\msvcrt.dll
0x00007ffef8510000 - 0x00007ffef8569000 	C:\Windows\System32\sechost.dll
0x00007ffef86d0000 - 0x00007ffef87f5000 	C:\Windows\System32\RPCRT4.dll
0x00007ffef8220000 - 0x00007ffef836a000 	C:\Windows\System32\USER32.dll
0x00007ffef5a20000 - 0x00007ffef5a3e000 	C:\Windows\System32\win32u.dll
0x00007ffef6a40000 - 0x00007ffef6a67000 	C:\Windows\System32\GDI32.dll
0x00007ffef5d80000 - 0x00007ffef5f08000 	C:\Windows\System32\gdi32full.dll
0x00007ffef5ce0000 - 0x00007ffef5d7a000 	C:\Windows\System32\msvcp_win.dll
0x00007ffef5f10000 - 0x00007ffef6004000 	C:\Windows\System32\ucrtbase.dll
0x00007ffef48c0000 - 0x00007ffef4b27000 	C:\Windows\WinSxS\amd64_microsoft.windows.common-controls_6595b64144ccf1df_6.0.15063.1897_none_40cb64bd29a40d00\COMCTL32.dll
0x00007ffef8800000 - 0x00007ffef8af6000 	C:\Windows\System32\combase.dll
0x00007ffef6710000 - 0x00007ffef6785000 	C:\Windows\System32\bcryptPrimitives.dll
0x00007ffef6a10000 - 0x00007ffef6a3d000 	C:\Windows\System32\IMM32.DLL
0x00007ffecbba0000 - 0x00007ffecbc51000 	C:\Program Files\McAfee\Endpoint Security\Threat Prevention\Ips\EpMPApi.dll
0x00007ffef59c0000 - 0x00007ffef5a17000 	C:\Windows\System32\WINTRUST.dll
0x00007ffef59a0000 - 0x00007ffef59b1000 	C:\Windows\System32\MSASN1.dll
0x00007ffef6790000 - 0x00007ffef6959000 	C:\Windows\System32\CRYPT32.dll
0x0000000061150000 - 0x000000006115c000 	C:\Program Files\McAfee\Endpoint Security\Threat Prevention\Ips\EpMPThe.dll
0x00007ffecb990000 - 0x00007ffecb9c6000 	C:\Program Files\McAfee\Endpoint Security\Threat Prevention\Ips\HIPHandlers64.dll
0x00007ffef92b0000 - 0x00007ffef9301000 	C:\Windows\System32\SHLWAPI.dll
0x00000000604d0000 - 0x00000000605a2000 	C:\Program Files\Java\jdk1.8.0_172\jre\bin\msvcr100.dll
0x00000000608a0000 - 0x0000000061143000 	C:\Program Files\Java\jdk1.8.0_172\jre\bin\server\jvm.dll
0x00007ffef80f0000 - 0x00007ffef80f8000 	C:\Windows\System32\PSAPI.DLL
0x00007ffee8700000 - 0x00007ffee870a000 	C:\Windows\SYSTEM32\VERSION.dll
0x00007ffef26d0000 - 0x00007ffef26f3000 	C:\Windows\SYSTEM32\WINMM.dll
0x00007ffee54f0000 - 0x00007ffee54f9000 	C:\Windows\SYSTEM32\WSOCK32.dll
0x00007ffef8080000 - 0x00007ffef80ec000 	C:\Windows\System32\WS2_32.dll
0x00007ffef26a0000 - 0x00007ffef26cb000 	C:\Windows\SYSTEM32\WINMMBASE.dll
0x00007ffef5a40000 - 0x00007ffef5a89000 	C:\Windows\System32\cfgmgr32.dll
0x0000000060890000 - 0x000000006089f000 	C:\Program Files\Java\jdk1.8.0_172\jre\bin\verify.dll
0x0000000060860000 - 0x0000000060889000 	C:\Program Files\Java\jdk1.8.0_172\jre\bin\java.dll
0x0000000060810000 - 0x0000000060826000 	C:\Program Files\Java\jdk1.8.0_172\jre\bin\zip.dll
0x00007ffef6a70000 - 0x00007ffef7ea8000 	C:\Windows\System32\SHELL32.dll
0x00007ffef8570000 - 0x00007ffef861a000 	C:\Windows\System32\shcore.dll
0x00007ffef6010000 - 0x00007ffef6701000 	C:\Windows\System32\windows.storage.dll
0x00007ffef5910000 - 0x00007ffef5921000 	C:\Windows\System32\kernel.appcore.dll
0x00007ffef5930000 - 0x00007ffef597c000 	C:\Windows\System32\powrprof.dll
0x00007ffef5980000 - 0x00007ffef5995000 	C:\Windows\System32\profapi.dll
0x00007ffef2720000 - 0x00007ffef272a000 	C:\Program Files\Apache\apache-maven-3.5.3\lib\jansi-native\windows64\jansi.dll
0x00000000607f0000 - 0x000000006080a000 	C:\Program Files\Java\jdk1.8.0_172\jre\bin\net.dll
0x00007ffef5210000 - 0x00007ffef526c000 	C:\Windows\system32\mswsock.dll
0x00000000607d0000 - 0x00000000607e1000 	C:\Program Files\Java\jdk1.8.0_172\jre\bin\nio.dll
0x00007ffef4f70000 - 0x00007ffef4fa7000 	C:\Windows\SYSTEM32\IPHLPAPI.DLL
0x00007ffef9390000 - 0x00007ffef9398000 	C:\Windows\System32\NSI.dll
0x00007ffef0b00000 - 0x00007ffef0b16000 	C:\Windows\SYSTEM32\dhcpcsvc6.DLL
0x00007ffef0ae0000 - 0x00007ffef0afa000 	C:\Windows\SYSTEM32\dhcpcsvc.DLL
0x00007ffef4fb0000 - 0x00007ffef5054000 	C:\Windows\SYSTEM32\DNSAPI.dll
0x00007ffee8c30000 - 0x00007ffee8c3a000 	C:\Windows\System32\rasadhlp.dll
0x00007ffef1790000 - 0x00007ffef17fb000 	C:\Windows\System32\fwpuclnt.dll
0x00007ffef54c0000 - 0x00007ffef54e5000 	C:\Windows\SYSTEM32\bcrypt.dll
0x00000000602d0000 - 0x00000000602dd000 	C:\Program Files\Java\jdk1.8.0_172\jre\bin\management.dll
0x00007ffee1980000 - 0x00007ffee1996000 	C:\Windows\system32\napinsp.dll
0x00007ffee1960000 - 0x00007ffee197a000 	C:\Windows\system32\pnrpnsp.dll
0x00007ffef27e0000 - 0x00007ffef27f8000 	C:\Windows\system32\NLAapi.dll
0x00007ffee1950000 - 0x00007ffee195e000 	C:\Windows\System32\winrnr.dll
0x00007ffeeeec0000 - 0x00007ffeeeed5000 	C:\Windows\System32\wshbth.dll

VM Arguments:
jvm_args: -Dclassworlds.conf=C:\Program Files\Apache\apache-maven-3.5.3\bin\..\bin\m2.conf -Dmaven.home=C:\Program Files\Apache\apache-maven-3.5.3\bin\.. -Dlibrary.jansi.path=C:\Program Files\Apache\apache-maven-3.5.3\bin\..\lib\jansi-native -Dmaven.multiModuleProjectDirectory=C:\Users\RQCN8130\eclipse-workspace\micro\organizaion 
java_command: org.codehaus.plexus.classworlds.launcher.Launcher spring-boot:run
java_class_path (initial): C:\Program Files\Apache\apache-maven-3.5.3\bin\..\boot\plexus-classworlds-2.5.2.jar
Launcher Type: SUN_STANDARD

Environment Variables:
JAVA_HOME=C:\Program Files\Java\jdk1.8.0_172
PATH=C:\Program Files\MongoDB\Server\4.0\bin;C:\Program Files\Python37\Scripts\;C:\Program Files\Python37\;C:\ProgramData\DockerDesktop\version-bin;C:\Program Files\Docker\Docker\Resources\bin;C:\Program Files\Java\jdk1.8.0_172\bin;C:\Program Files (x86)\Common Files\Oracle\Java\javapath;C:\Program Files\Apache\apache-maven-3.5.3\bin;C:\Program Files\Git\cmd;C:\Program Files (x86)\MySQL\MySQL Utilities 1.6\;C:\Users\RQCN8130\com\other\zookeeper-3.4.10\bin;C:\Users\RQCN8130\MyProjects\spring-boot-cli\spring-1.3.0.RELEASE\bin;C:\Users\RQCN8130\com\other\zookeeper-3.4.10\bin;C:\Windows\System32;C:\Windows\System32\wbem;C:\Program Files\Java\jdk1.8.0_172\bin;C:\Program Files (x86)\Bitvise SSH Client;C:\Program Files\Cloud Foundry;C:\oracle\instantclient_18_5\instantclient_18_5;C:\Program Files\MySQL\MySQL Server 5.7\bin;C:\Program Files\redis-5.0.5;C:\Program Files\PuTTY\;C:\Android;C:\Users\RQCN8130\Downloads\rabbitmqadmin;C:\Program Files\nodejs\;C:\Program Files\Microsoft VS Code\bin;C:\TPC;C:\Users\RQCN8130\AppData\Local\Microsoft\WindowsApps;C:\Users\RQCN8130\AppData\Roaming\npm
USERNAME=RQCN8130
OS=Windows_NT
PROCESSOR_IDENTIFIER=Intel64 Family 6 Model 61 Stepping 4, GenuineIntel



---------------  S Y S T E M  ---------------

OS: Windows 10.0 , 64 bit Build 15063 (10.0.15063.1805)

CPU:total 4 (initial active 4) (2 cores per cpu, 2 threads per core) family 6 model 61 stepping 4, cmov, cx8, fxsr, mmx, sse, sse2, sse3, ssse3, sse4.1, sse4.2, popcnt, avx, avx2, aes, clmul, erms, rtm, 3dnowpref, lzcnt, ht, tsc, tscinvbit, bmi1, bmi2, adx

Memory: 4k page, physical 8260692k(916740k free), swap 13960096k(2096k free)

vm_info: Java HotSpot(TM) 64-Bit Server VM (25.172-b11) for windows-amd64 JRE (1.8.0_172-b11), built on Mar 28 2018 21:21:52 by "java_re" with MS VC++ 10.0 (VS2010)

time: Fri Dec 06 17:01:51 2019
elapsed time: 16 seconds (0d 0h 0m 16s)

