#
# There is insufficient memory for the Java Runtime Environment to continue.
# Native memory allocation (malloc) failed to allocate 2728336 bytes for Chunk::new
# Possible reasons:
#   The system is out of physical RAM or swap space
#   In 32 bit mode, the process size limit was hit
# Possible solutions:
#   Reduce memory load on the system
#   Increase physical memory or swap space
#   Check if swap backing store is full
#   Use 64 bit Java on a 64 bit OS
#   Decrease Java heap size (-Xmx/-Xms)
#   Decrease number of Java threads
#   Decrease Java thread stack sizes (-Xss)
#   Set larger code cache with -XX:ReservedCodeCacheSize=
# This output file may be truncated or incomplete.
#
#  Out of Memory Error (allocation.cpp:390), pid=15560, tid=0x00000000000020dc
#
# JRE version: Java(TM) SE Runtime Environment (8.0_172-b11) (build 1.8.0_172-b11)
# Java VM: Java HotSpot(TM) 64-Bit Server VM (25.172-b11 mixed mode windows-amd64 compressed oops)
# Failed to write core dump. Minidumps are not enabled by default on client versions of Windows
#

---------------  T H R E A D  ---------------

Current thread (0x00000000178a0000):  JavaThread "C2 CompilerThread0" daemon [_thread_in_native, id=8412, stack(0x0000000018ef0000,0x0000000018ff0000)]

Stack: [0x0000000018ef0000,0x0000000018ff0000]
[error occurred during error reporting (printing stack bounds), id 0xc0000005]

Native frames: (J=compiled Java code, j=interpreted, Vv=VM code, C=native code)


Current CompileTask:
C2:   3952 1648       4       java.net.URLClassLoader$1::run (5 bytes)


---------------  P R O C E S S  ---------------

Java Threads: ( => current thread )
  0x000000001921b800 JavaThread "Service Thread" daemon [_thread_blocked, id=14836, stack(0x00000000195f0000,0x00000000196f0000)]
  0x00000000178a8800 JavaThread "C1 CompilerThread2" daemon [_thread_in_native, id=12556, stack(0x00000000190f0000,0x00000000191f0000)]
  0x00000000178a4000 JavaThread "C2 CompilerThread1" daemon [_thread_in_vm, id=16072, stack(0x0000000018ff0000,0x00000000190f0000)]
=>0x00000000178a0000 JavaThread "C2 CompilerThread0" daemon [_thread_in_native, id=8412, stack(0x0000000018ef0000,0x0000000018ff0000)]
  0x000000001789e800 JavaThread "Attach Listener" daemon [_thread_blocked, id=2304, stack(0x0000000018df0000,0x0000000018ef0000)]
  0x000000001789d800 JavaThread "Signal Dispatcher" daemon [_thread_blocked, id=4360, stack(0x0000000018cf0000,0x0000000018df0000)]
  0x000000001788a800 JavaThread "Finalizer" daemon [_thread_blocked, id=15112, stack(0x0000000018b00000,0x0000000018c00000)]
  0x0000000002bc2000 JavaThread "Reference Handler" daemon [_thread_blocked, id=4848, stack(0x0000000018a00000,0x0000000018b00000)]
  0x0000000002e7e800 JavaThread "main" [_thread_in_native, id=7396, stack(0x0000000002660000,0x0000000002760000)]

Other Threads:
  0x0000000017869000 VMThread [stack: 0x0000000018900000,0x0000000018a00000] [id=15520]
  0x000000001924f000 WatcherThread [stack: 0x00000000196f0000,0x00000000197f0000] [id=13992]

VM state:not at safepoint (normal execution)

VM Mutex/Monitor currently owned by a thread: None

Heap:
 PSYoungGen      total 38400K, used 28261K [0x00000000d5f80000, 0x00000000d8a00000, 0x0000000100000000)
  eden space 33280K, 69% used [0x00000000d5f80000,0x00000000d761d568,0x00000000d8000000)
  from space 5120K, 99% used [0x00000000d8000000,0x00000000d84fc050,0x00000000d8500000)
  to   space 5120K, 0% used [0x00000000d8500000,0x00000000d8500000,0x00000000d8a00000)
 ParOldGen       total 87552K, used 5092K [0x0000000081e00000, 0x0000000087380000, 0x00000000d5f80000)
  object space 87552K, 5% used [0x0000000081e00000,0x00000000822f93f8,0x0000000087380000)
 Metaspace       used 15341K, capacity 15522K, committed 15872K, reserved 1062912K
  class space    used 1853K, capacity 1939K, committed 2048K, reserved 1048576K

Card table byte_map: [0x0000000012240000,0x0000000012640000] byte_map_base: 0x0000000011e31000

Marking Bits: (ParMarkBitMap*) 0x00000000610c3c10
 Begin Bits: [0x0000000012bf0000, 0x0000000014b78000)
 End Bits:   [0x0000000014b78000, 0x0000000016b00000)

Polling page: 0x0000000000e10000

CodeCache: size=245760Kb used=7655Kb max_used=7655Kb free=238104Kb
 bounds [0x0000000002e80000, 0x0000000003610000, 0x0000000011e80000]
 total_blobs=2598 nmethods=2246 adapters=264
 compilation: enabled

Compilation events (10 events):
Event: 3.921 Thread 0x00000000178a8800 2248       3       org.codehaus.plexus.configuration.DefaultPlexusConfiguration::getValue (16 bytes)
Event: 3.922 Thread 0x00000000178a8800 nmethod 2248 0x00000000035f5e10 code [0x00000000035f5f60, 0x00000000035f6110]
Event: 3.922 Thread 0x00000000178a8800 2249       3       java.util.LinkedList$ListItr::hasNext (20 bytes)
Event: 3.922 Thread 0x00000000178a8800 nmethod 2249 0x00000000035f6190 code [0x00000000035f62e0, 0x00000000035f6490]
Event: 3.935 Thread 0x00000000178a8800 2250       3       java.io.BufferedReader::fill (170 bytes)
Event: 3.936 Thread 0x00000000178a8800 nmethod 2250 0x00000000035f7a50 code [0x00000000035f7c00, 0x00000000035f8288]
Event: 3.937 Thread 0x00000000178a4000 nmethod 2228 0x00000000035faf50 code [0x00000000035fb1e0, 0x00000000035fc570]
Event: 3.937 Thread 0x00000000178a4000 2212       4       java.util.HashMap::tableSizeFor (59 bytes)
Event: 3.938 Thread 0x00000000178a4000 nmethod 2212 0x00000000035f9590 code [0x00000000035f96c0, 0x00000000035f9758]
Event: 3.938 Thread 0x00000000178a4000 2240       4       java.util.Arrays::copyOf (46 bytes)

GC Heap History (6 events):
Event: 1.368 GC heap before
{Heap before GC invocations=1 (full 0):
 PSYoungGen      total 38400K, used 33280K [0x00000000d5f80000, 0x00000000d8a00000, 0x0000000100000000)
  eden space 33280K, 100% used [0x00000000d5f80000,0x00000000d8000000,0x00000000d8000000)
  from space 5120K, 0% used [0x00000000d8500000,0x00000000d8500000,0x00000000d8a00000)
  to   space 5120K, 0% used [0x00000000d8000000,0x00000000d8000000,0x00000000d8500000)
 ParOldGen       total 87552K, used 0K [0x0000000081e00000, 0x0000000087380000, 0x00000000d5f80000)
  object space 87552K, 0% used [0x0000000081e00000,0x0000000081e00000,0x0000000087380000)
 Metaspace       used 8153K, capacity 8284K, committed 8576K, reserved 1056768K
  class space    used 1012K, capacity 1080K, committed 1152K, reserved 1048576K
Event: 1.377 GC heap after
Heap after GC invocations=1 (full 0):
 PSYoungGen      total 38400K, used 5027K [0x00000000d5f80000, 0x00000000d8a00000, 0x0000000100000000)
  eden space 33280K, 0% used [0x00000000d5f80000,0x00000000d5f80000,0x00000000d8000000)
  from space 5120K, 98% used [0x00000000d8000000,0x00000000d84e8e48,0x00000000d8500000)
  to   space 5120K, 0% used [0x00000000d8500000,0x00000000d8500000,0x00000000d8a00000)
 ParOldGen       total 87552K, used 8K [0x0000000081e00000, 0x0000000087380000, 0x00000000d5f80000)
  object space 87552K, 0% used [0x0000000081e00000,0x0000000081e02000,0x0000000087380000)
 Metaspace       used 8153K, capacity 8284K, committed 8576K, reserved 1056768K
  class space    used 1012K, capacity 1080K, committed 1152K, reserved 1048576K
}
Event: 2.138 GC heap before
{Heap before GC invocations=2 (full 0):
 PSYoungGen      total 38400K, used 38307K [0x00000000d5f80000, 0x00000000d8a00000, 0x0000000100000000)
  eden space 33280K, 100% used [0x00000000d5f80000,0x00000000d8000000,0x00000000d8000000)
  from space 5120K, 98% used [0x00000000d8000000,0x00000000d84e8e48,0x00000000d8500000)
  to   space 5120K, 0% used [0x00000000d8500000,0x00000000d8500000,0x00000000d8a00000)
 ParOldGen       total 87552K, used 8K [0x0000000081e00000, 0x0000000087380000, 0x00000000d5f80000)
  object space 87552K, 0% used [0x0000000081e00000,0x0000000081e02000,0x0000000087380000)
 Metaspace       used 11873K, capacity 12072K, committed 12416K, reserved 1060864K
  class space    used 1481K, capacity 1572K, committed 1664K, reserved 1048576K
Event: 2.149 GC heap after
Heap after GC invocations=2 (full 0):
 PSYoungGen      total 38400K, used 5092K [0x00000000d5f80000, 0x00000000d8a00000, 0x0000000100000000)
  eden space 33280K, 0% used [0x00000000d5f80000,0x00000000d5f80000,0x00000000d8000000)
  from space 5120K, 99% used [0x00000000d8500000,0x00000000d89f9290,0x00000000d8a00000)
  to   space 5120K, 0% used [0x00000000d8000000,0x00000000d8000000,0x00000000d8500000)
 ParOldGen       total 87552K, used 1857K [0x0000000081e00000, 0x0000000087380000, 0x00000000d5f80000)
  object space 87552K, 2% used [0x0000000081e00000,0x0000000081fd06d8,0x0000000087380000)
 Metaspace       used 11873K, capacity 12072K, committed 12416K, reserved 1060864K
  class space    used 1481K, capacity 1572K, committed 1664K, reserved 1048576K
}
Event: 3.282 GC heap before
{Heap before GC invocations=3 (full 0):
 PSYoungGen      total 38400K, used 38372K [0x00000000d5f80000, 0x00000000d8a00000, 0x0000000100000000)
  eden space 33280K, 100% used [0x00000000d5f80000,0x00000000d8000000,0x00000000d8000000)
  from space 5120K, 99% used [0x00000000d8500000,0x00000000d89f9290,0x00000000d8a00000)
  to   space 5120K, 0% used [0x00000000d8000000,0x00000000d8000000,0x00000000d8500000)
 ParOldGen       total 87552K, used 1857K [0x0000000081e00000, 0x0000000087380000, 0x00000000d5f80000)
  object space 87552K, 2% used [0x0000000081e00000,0x0000000081fd06d8,0x0000000087380000)
 Metaspace       used 14942K, capacity 15106K, committed 15232K, reserved 1062912K
  class space    used 1832K, capacity 1907K, committed 1920K, reserved 1048576K
Event: 3.300 GC heap after
Heap after GC invocations=3 (full 0):
 PSYoungGen      total 38400K, used 5104K [0x00000000d5f80000, 0x00000000d8a00000, 0x0000000100000000)
  eden space 33280K, 0% used [0x00000000d5f80000,0x00000000d5f80000,0x00000000d8000000)
  from space 5120K, 99% used [0x00000000d8000000,0x00000000d84fc050,0x00000000d8500000)
  to   space 5120K, 0% used [0x00000000d8500000,0x00000000d8500000,0x00000000d8a00000)
 ParOldGen       total 87552K, used 5092K [0x0000000081e00000, 0x0000000087380000, 0x00000000d5f80000)
  object space 87552K, 5% used [0x0000000081e00000,0x00000000822f93f8,0x0000000087380000)
 Metaspace       used 14942K, capacity 15106K, committed 15232K, reserved 1062912K
  class space    used 1832K, capacity 1907K, committed 1920K, reserved 1048576K
}

Deoptimization events (10 events):
Event: 3.153 Thread 0x0000000002e7e800 Uncommon trap: reason=class_check action=maybe_recompile pc=0x00000000034537b0 method=java.util.regex.Pattern$CharProperty$1.isSatisfiedBy(I)Z @ 5
Event: 3.153 Thread 0x0000000002e7e800 Uncommon trap: reason=class_check action=maybe_recompile pc=0x00000000034537b0 method=java.util.regex.Pattern$CharProperty$1.isSatisfiedBy(I)Z @ 5
Event: 3.154 Thread 0x0000000002e7e800 Uncommon trap: reason=unstable_if action=reinterpret pc=0x00000000032e6c94 method=java.lang.String.substring(I)Ljava/lang/String; @ 35
Event: 3.678 Thread 0x0000000002e7e800 Uncommon trap: reason=unstable_if action=reinterpret pc=0x00000000033d79d4 method=org.codehaus.plexus.util.xml.pull.MXParser.nextImpl()I @ 1161
Event: 3.727 Thread 0x0000000002e7e800 Uncommon trap: reason=unstable_if action=reinterpret pc=0x00000000030c34c4 method=sun.nio.cs.UTF_8$Decoder.decode([BII[C)I @ 30
Event: 3.728 Thread 0x0000000002e7e800 Uncommon trap: reason=unstable_if action=reinterpret pc=0x0000000003128538 method=sun.nio.cs.UTF_8$Decoder.decodeArrayLoop(Ljava/nio/ByteBuffer;Ljava/nio/CharBuffer;)Ljava/nio/charset/CoderResult; @ 84
Event: 3.735 Thread 0x0000000002e7e800 Uncommon trap: reason=unstable_if action=reinterpret pc=0x000000000359f328 method=org.codehaus.plexus.util.xml.pull.MXParser.nextImpl()I @ 972
Event: 3.745 Thread 0x0000000002e7e800 Uncommon trap: reason=null_check action=make_not_entrant pc=0x000000000359b11c method=org.apache.maven.model.io.xpp3.MavenXpp3Reader.checkFieldWithDuplicate(Lorg/codehaus/plexus/util/xml/pull/XmlPullParser;Ljava/lang/String;Ljava/lang/String;Ljava/util/Se
Event: 3.772 Thread 0x0000000002e7e800 Uncommon trap: reason=unstable_if action=reinterpret pc=0x0000000003181ebc method=java.util.HashMap.hash(Ljava/lang/Object;)I @ 1
Event: 3.772 Thread 0x0000000002e7e800 Uncommon trap: reason=unstable_if action=reinterpret pc=0x00000000031be6a8 method=java.util.HashMap.hash(Ljava/lang/Object;)I @ 1

Classes redefined (0 events):
No events

Internal exceptions (10 events):
Event: 2.641 Thread 0x0000000002e7e800 Exception <a 'java/lang/NullPointerException'> (0x00000000d6cf98f0) thrown at [C:\re\workspace\8-2-build-windows-amd64-cygwin\jdk8u172\10810\hotspot\src\share\vm\interpreter\linkResolver.cpp, line 1185]
Event: 2.644 Thread 0x0000000002e7e800 Exception <a 'java/lang/NullPointerException'> (0x00000000d6d10798) thrown at [C:\re\workspace\8-2-build-windows-amd64-cygwin\jdk8u172\10810\hotspot\src\share\vm\interpreter\linkResolver.cpp, line 1185]
Event: 2.644 Thread 0x0000000002e7e800 Exception <a 'java/lang/NullPointerException'> (0x00000000d6d109b0) thrown at [C:\re\workspace\8-2-build-windows-amd64-cygwin\jdk8u172\10810\hotspot\src\share\vm\interpreter\linkResolver.cpp, line 1185]
Event: 2.644 Thread 0x0000000002e7e800 Exception <a 'java/lang/NullPointerException'> (0x00000000d6d10bc8) thrown at [C:\re\workspace\8-2-build-windows-amd64-cygwin\jdk8u172\10810\hotspot\src\share\vm\interpreter\linkResolver.cpp, line 1185]
Event: 2.735 Thread 0x0000000002e7e800 Implicit null exception at 0x00000000030f2e16 to 0x00000000030f31b1
Event: 2.735 Thread 0x0000000002e7e800 Implicit null exception at 0x0000000003082916 to 0x0000000003082cad
Event: 2.988 Thread 0x0000000002e7e800 Implicit null exception at 0x00000000034414f7 to 0x0000000003441741
Event: 3.745 Thread 0x0000000002e7e800 Implicit null exception at 0x000000000359aeb7 to 0x000000000359b101
Event: 3.772 Thread 0x0000000002e7e800 Implicit null exception at 0x0000000003181cd5 to 0x0000000003181ead
Event: 3.772 Thread 0x0000000002e7e800 Implicit null exception at 0x00000000031be62f to 0x00000000031be699

Events (10 events):
Event: 3.916 Thread 0x0000000002e7e800 DEOPT PACKING pc=0x00000000035b0cdb sp=0x000000000275d890
Event: 3.916 Thread 0x0000000002e7e800 DEOPT UNPACKING pc=0x0000000002ec7890 sp=0x000000000275d690 mode 0
Event: 3.916 Thread 0x0000000002e7e800 DEOPT PACKING pc=0x00000000035b0cdb sp=0x000000000275d8d0
Event: 3.916 Thread 0x0000000002e7e800 DEOPT UNPACKING pc=0x0000000002ec7890 sp=0x000000000275d6d0 mode 0
Event: 3.917 Thread 0x0000000002e7e800 DEOPT PACKING pc=0x00000000035b0cdb sp=0x000000000275d8d0
Event: 3.917 Thread 0x0000000002e7e800 DEOPT UNPACKING pc=0x0000000002ec7890 sp=0x000000000275d6d0 mode 0
Event: 3.917 Thread 0x0000000002e7e800 DEOPT PACKING pc=0x00000000035b0cdb sp=0x000000000275d580
Event: 3.917 Thread 0x0000000002e7e800 DEOPT UNPACKING pc=0x0000000002ec7890 sp=0x000000000275d380 mode 0
Event: 3.936 Thread 0x0000000002e7e800 DEOPT PACKING pc=0x00000000035b0cdb sp=0x000000000275d650
Event: 3.936 Thread 0x0000000002e7e800 DEOPT UNPACKING pc=0x0000000002ec7890 sp=0x000000000275d450 mode 0


Dynamic libraries:
0x00007ff616570000 - 0x00007ff6165a7000 	C:\Program Files\Java\jdk1.8.0_172\bin\java.exe
0x00007ffef94b0000 - 0x00007ffef968b000 	C:\Windows\SYSTEM32\ntdll.dll
0x00007ffef8620000 - 0x00007ffef86ce000 	C:\Windows\System32\KERNEL32.DLL
0x00007ffef5a90000 - 0x00007ffef5cda000 	C:\Windows\System32\KERNELBASE.dll
0x00007ffef7eb0000 - 0x00007ffef7f51000 	C:\Windows\System32\ADVAPI32.dll
0x00007ffef9210000 - 0x00007ffef92ad000 	C:\Windows\System32\msvcrt.dll
0x00007ffef8510000 - 0x00007ffef8569000 	C:\Windows\System32\sechost.dll
0x00007ffef86d0000 - 0x00007ffef87f5000 	C:\Windows\System32\RPCRT4.dll
0x00007ffef8220000 - 0x00007ffef836a000 	C:\Windows\System32\USER32.dll
0x00007ffef5a20000 - 0x00007ffef5a3e000 	C:\Windows\System32\win32u.dll
0x00007ffef6a40000 - 0x00007ffef6a67000 	C:\Windows\System32\GDI32.dll
0x00007ffef5d80000 - 0x00007ffef5f08000 	C:\Windows\System32\gdi32full.dll
0x00007ffef5ce0000 - 0x00007ffef5d7a000 	C:\Windows\System32\msvcp_win.dll
0x00007ffef5f10000 - 0x00007ffef6004000 	C:\Windows\System32\ucrtbase.dll
0x00007ffef48c0000 - 0x00007ffef4b27000 	C:\Windows\WinSxS\amd64_microsoft.windows.common-controls_6595b64144ccf1df_6.0.15063.1897_none_40cb64bd29a40d00\COMCTL32.dll
0x00007ffef8800000 - 0x00007ffef8af6000 	C:\Windows\System32\combase.dll
0x00007ffef6710000 - 0x00007ffef6785000 	C:\Windows\System32\bcryptPrimitives.dll
0x00007ffef6a10000 - 0x00007ffef6a3d000 	C:\Windows\System32\IMM32.DLL
0x00007ffecbba0000 - 0x00007ffecbc51000 	C:\Program Files\McAfee\Endpoint Security\Threat Prevention\Ips\EpMPApi.dll
0x00007ffef59c0000 - 0x00007ffef5a17000 	C:\Windows\System32\WINTRUST.dll
0x00007ffef59a0000 - 0x00007ffef59b1000 	C:\Windows\System32\MSASN1.dll
0x00007ffef6790000 - 0x00007ffef6959000 	C:\Windows\System32\CRYPT32.dll
0x0000000061150000 - 0x000000006115c000 	C:\Program Files\McAfee\Endpoint Security\Threat Prevention\Ips\EpMPThe.dll
0x00007ffecb990000 - 0x00007ffecb9c6000 	C:\Program Files\McAfee\Endpoint Security\Threat Prevention\Ips\HIPHandlers64.dll
0x00007ffef92b0000 - 0x00007ffef9301000 	C:\Windows\System32\SHLWAPI.dll
0x00000000604d0000 - 0x00000000605a2000 	C:\Program Files\Java\jdk1.8.0_172\jre\bin\msvcr100.dll
0x00000000608a0000 - 0x0000000061143000 	C:\Program Files\Java\jdk1.8.0_172\jre\bin\server\jvm.dll
0x00007ffef80f0000 - 0x00007ffef80f8000 	C:\Windows\System32\PSAPI.DLL
0x00007ffef26d0000 - 0x00007ffef26f3000 	C:\Windows\SYSTEM32\WINMM.dll
0x00007ffee8700000 - 0x00007ffee870a000 	C:\Windows\SYSTEM32\VERSION.dll
0x00007ffee54f0000 - 0x00007ffee54f9000 	C:\Windows\SYSTEM32\WSOCK32.dll
0x00007ffef8080000 - 0x00007ffef80ec000 	C:\Windows\System32\WS2_32.dll
0x00007ffef26a0000 - 0x00007ffef26cb000 	C:\Windows\SYSTEM32\winmmbase.dll
0x00007ffef5a40000 - 0x00007ffef5a89000 	C:\Windows\System32\cfgmgr32.dll
0x0000000060890000 - 0x000000006089f000 	C:\Program Files\Java\jdk1.8.0_172\jre\bin\verify.dll
0x0000000060860000 - 0x0000000060889000 	C:\Program Files\Java\jdk1.8.0_172\jre\bin\java.dll
0x0000000060810000 - 0x0000000060826000 	C:\Program Files\Java\jdk1.8.0_172\jre\bin\zip.dll
0x00007ffef6a70000 - 0x00007ffef7ea8000 	C:\Windows\System32\SHELL32.dll
0x00007ffef8570000 - 0x00007ffef861a000 	C:\Windows\System32\shcore.dll
0x00007ffef6010000 - 0x00007ffef6701000 	C:\Windows\System32\windows.storage.dll
0x00007ffef5910000 - 0x00007ffef5921000 	C:\Windows\System32\kernel.appcore.dll
0x00007ffef5930000 - 0x00007ffef597c000 	C:\Windows\System32\powrprof.dll
0x00007ffef5980000 - 0x00007ffef5995000 	C:\Windows\System32\profapi.dll
0x00007ffef2720000 - 0x00007ffef272a000 	C:\Program Files\Apache\apache-maven-3.5.3\lib\jansi-native\windows64\jansi.dll
0x00000000607f0000 - 0x000000006080a000 	C:\Program Files\Java\jdk1.8.0_172\jre\bin\net.dll
0x00007ffef5210000 - 0x00007ffef526c000 	C:\Windows\system32\mswsock.dll
0x00000000607d0000 - 0x00000000607e1000 	C:\Program Files\Java\jdk1.8.0_172\jre\bin\nio.dll

VM Arguments:
jvm_args: -Dclassworlds.conf=C:\Program Files\Apache\apache-maven-3.5.3\bin\..\bin\m2.conf -Dmaven.home=C:\Program Files\Apache\apache-maven-3.5.3\bin\.. -Dlibrary.jansi.path=C:\Program Files\Apache\apache-maven-3.5.3\bin\..\lib\jansi-native -Dmaven.multiModuleProjectDirectory=C:\Users\RQCN8130\eclipse-workspace\micro\organizaion 
java_command: org.codehaus.plexus.classworlds.launcher.Launcher clean install
java_class_path (initial): C:\Program Files\Apache\apache-maven-3.5.3\bin\..\boot\plexus-classworlds-2.5.2.jar
Launcher Type: SUN_STANDARD

Environment Variables:
JAVA_HOME=C:\Program Files\Java\jdk1.8.0_172
PATH=C:\Program Files\MongoDB\Server\4.0\bin;C:\Program Files\Python37\Scripts\;C:\Program Files\Python37\;C:\ProgramData\DockerDesktop\version-bin;C:\Program Files\Docker\Docker\Resources\bin;C:\Program Files\Java\jdk1.8.0_172\bin;C:\Program Files (x86)\Common Files\Oracle\Java\javapath;C:\Program Files\Apache\apache-maven-3.5.3\bin;C:\Program Files\Git\cmd;C:\Program Files (x86)\MySQL\MySQL Utilities 1.6\;C:\Users\RQCN8130\com\other\zookeeper-3.4.10\bin;C:\Users\RQCN8130\MyProjects\spring-boot-cli\spring-1.3.0.RELEASE\bin;C:\Users\RQCN8130\com\other\zookeeper-3.4.10\bin;C:\Windows\System32;C:\Windows\System32\wbem;C:\Program Files\Java\jdk1.8.0_172\bin;C:\Program Files (x86)\Bitvise SSH Client;C:\Program Files\Cloud Foundry;C:\oracle\instantclient_18_5\instantclient_18_5;C:\Program Files\MySQL\MySQL Server 5.7\bin;C:\Program Files\redis-5.0.5;C:\Program Files\PuTTY\;C:\Android;C:\Users\RQCN8130\Downloads\rabbitmqadmin;C:\Program Files\nodejs\;C:\Program Files\Microsoft VS Code\bin;C:\TPC;C:\Users\RQCN8130\AppData\Local\Microsoft\WindowsApps;C:\Users\RQCN8130\AppData\Roaming\npm
USERNAME=RQCN8130
OS=Windows_NT
PROCESSOR_IDENTIFIER=Intel64 Family 6 Model 61 Stepping 4, GenuineIntel



---------------  S Y S T E M  ---------------

OS: Windows 10.0 , 64 bit Build 15063 (10.0.15063.1805)

CPU:total 4 (initial active 4) (2 cores per cpu, 2 threads per core) family 6 model 61 stepping 4, cmov, cx8, fxsr, mmx, sse, sse2, sse3, ssse3, sse4.1, sse4.2, popcnt, avx, avx2, aes, clmul, erms, rtm, 3dnowpref, lzcnt, ht, tsc, tscinvbit, bmi1, bmi2, adx

Memory: 4k page, physical 8260692k(1024640k free), swap 13960096k(7440k free)

vm_info: Java HotSpot(TM) 64-Bit Server VM (25.172-b11) for windows-amd64 JRE (1.8.0_172-b11), built on Mar 28 2018 21:21:52 by "java_re" with MS VC++ 10.0 (VS2010)

time: Fri Dec 06 16:59:43 2019
elapsed time: 3 seconds (0d 0h 0m 3s)

